<?xml version="1.0" encoding="UTF-8"?>
<robot generator="Robot 4.0.1 (Python 3.9.4 on win32)" generated="20211205 22:44:02.232" rpa="false" schemaversion="2">
<suite id="s1" name="automationTest" source="Y:\AIT Master\3rd Semester\1. Web Application Engineering\project\main file\Final Work WAE\RobotTest\automationTest.robot">
<test id="s1-t1" name="1. Open Website">
<kw name="Open Browser" library="Selenium2Library">
<arg>${URL}</arg>
<arg>${BROWSER}</arg>
<doc>Opens a new browser instance to the optional ``url``.</doc>
<msg timestamp="20211205 22:44:02.507" level="INFO">Opening browser 'Chrome' to base url 'http://web8.cs.ait.ac.th'.</msg>
<status status="PASS" starttime="20211205 22:44:02.507" endtime="20211205 22:44:05.296"/>
</kw>
<kw name="Maximize Browser Window" library="Selenium2Library">
<doc>Maximizes current browser window.</doc>
<status status="PASS" starttime="20211205 22:44:05.297" endtime="20211205 22:44:05.410"/>
</kw>
<kw name="Set Selenium Speed" library="Selenium2Library">
<arg>0.3</arg>
<doc>Sets the delay that is waited after each Selenium command.</doc>
<status status="PASS" starttime="20211205 22:44:05.411" endtime="20211205 22:44:05.411"/>
</kw>
<status status="PASS" starttime="20211205 22:44:02.506" endtime="20211205 22:44:05.411"/>
</test>
<test id="s1-t2" name="2. Click on Sign in">
<kw name="Click Element" library="Selenium2Library">
<arg>//a[contains(text(),'Sign in')]</arg>
<doc>Click the element identified by ``locator``.</doc>
<msg timestamp="20211205 22:44:05.413" level="INFO">Clicking element '//a[contains(text(),'Sign in')]'.</msg>
<status status="PASS" starttime="20211205 22:44:05.413" endtime="20211205 22:44:06.080"/>
</kw>
<kw name="Sleep" library="BuiltIn">
<arg>2s</arg>
<doc>Pauses the test executed for the given time.</doc>
<msg timestamp="20211205 22:44:08.082" level="INFO">Slept 2 seconds</msg>
<status status="PASS" starttime="20211205 22:44:06.081" endtime="20211205 22:44:08.082"/>
</kw>
<status status="PASS" starttime="20211205 22:44:05.412" endtime="20211205 22:44:08.083"/>
</test>
<test id="s1-t3" name="3. Input email and password">
<kw name="Input Text" library="Selenium2Library">
<arg>name=user[email]</arg>
<arg>st121775@ait.asia</arg>
<doc>Types the given ``text`` into the text field identified by ``locator``.</doc>
<msg timestamp="20211205 22:44:08.084" level="INFO">Typing text 'st121775@ait.asia' into text field 'name=user[email]'.</msg>
<status status="PASS" starttime="20211205 22:44:08.084" endtime="20211205 22:44:09.095"/>
</kw>
<kw name="Input Text" library="Selenium2Library">
<arg>name=user[password]</arg>
<arg>web888</arg>
<doc>Types the given ``text`` into the text field identified by ``locator``.</doc>
<msg timestamp="20211205 22:44:09.095" level="INFO">Typing text 'web888' into text field 'name=user[password]'.</msg>
<status status="PASS" starttime="20211205 22:44:09.095" endtime="20211205 22:44:10.049"/>
</kw>
<status status="PASS" starttime="20211205 22:44:08.083" endtime="20211205 22:44:10.049"/>
</test>
<test id="s1-t4" name="4. Login">
<kw name="Click Button" library="Selenium2Library">
<arg>//*[contains(text(),'Log in')]</arg>
<doc>Clicks the button identified by ``locator``.</doc>
<msg timestamp="20211205 22:44:10.051" level="INFO">Clicking button '//*[contains(text(),'Log in')]'.</msg>
<status status="PASS" starttime="20211205 22:44:10.051" endtime="20211205 22:44:13.057"/>
</kw>
<status status="PASS" starttime="20211205 22:44:10.051" endtime="20211205 22:44:13.057"/>
</test>
<test id="s1-t5" name="5. Click to view the event list">
<kw name="Click Element" library="Selenium2Library">
<arg>//a[contains(text(),'Events')]</arg>
<doc>Click the element identified by ``locator``.</doc>
<msg timestamp="20211205 22:44:13.058" level="INFO">Clicking element '//a[contains(text(),'Events')]'.</msg>
<status status="PASS" starttime="20211205 22:44:13.058" endtime="20211205 22:44:13.690"/>
</kw>
<status status="PASS" starttime="20211205 22:44:13.058" endtime="20211205 22:44:13.690"/>
</test>
<test id="s1-t6" name="6. Click on show to view more details">
<kw name="Sleep" library="BuiltIn">
<arg>2s</arg>
<doc>Pauses the test executed for the given time.</doc>
<msg timestamp="20211205 22:44:15.693" level="INFO">Slept 2 seconds</msg>
<status status="PASS" starttime="20211205 22:44:13.692" endtime="20211205 22:44:15.693"/>
</kw>
<kw name="Click Element" library="Selenium2Library">
<arg>//a[contains(text(),'Show')]</arg>
<doc>Click the element identified by ``locator``.</doc>
<msg timestamp="20211205 22:44:15.693" level="INFO">Clicking element '//a[contains(text(),'Show')]'.</msg>
<status status="PASS" starttime="20211205 22:44:15.693" endtime="20211205 22:44:16.325"/>
</kw>
<kw name="Sleep" library="BuiltIn">
<arg>2s</arg>
<doc>Pauses the test executed for the given time.</doc>
<msg timestamp="20211205 22:44:18.326" level="INFO">Slept 2 seconds</msg>
<status status="PASS" starttime="20211205 22:44:16.325" endtime="20211205 22:44:18.326"/>
</kw>
<status status="PASS" starttime="20211205 22:44:13.691" endtime="20211205 22:44:18.326"/>
</test>
<test id="s1-t7" name="7. Click on back to view the event list again">
<kw name="Click Element" library="Selenium2Library">
<arg>//a[contains(text(),'Back')]</arg>
<doc>Click the element identified by ``locator``.</doc>
<msg timestamp="20211205 22:44:18.328" level="INFO">Clicking element '//a[contains(text(),'Back')]'.</msg>
<status status="PASS" starttime="20211205 22:44:18.328" endtime="20211205 22:44:18.964"/>
</kw>
<kw name="Sleep" library="BuiltIn">
<arg>2s</arg>
<doc>Pauses the test executed for the given time.</doc>
<msg timestamp="20211205 22:44:20.965" level="INFO">Slept 2 seconds</msg>
<status status="PASS" starttime="20211205 22:44:18.964" endtime="20211205 22:44:20.965"/>
</kw>
<status status="PASS" starttime="20211205 22:44:18.328" endtime="20211205 22:44:20.966"/>
</test>
<test id="s1-t8" name="8. Click on the like option - if user liked the event">
<kw name="Click Element" library="Selenium2Library">
<arg>//a[contains(text(),'Like')]</arg>
<doc>Click the element identified by ``locator``.</doc>
<msg timestamp="20211205 22:44:20.967" level="INFO">Clicking element '//a[contains(text(),'Like')]'.</msg>
<status status="PASS" starttime="20211205 22:44:20.967" endtime="20211205 22:44:21.600"/>
</kw>
<kw name="Sleep" library="BuiltIn">
<arg>2s</arg>
<doc>Pauses the test executed for the given time.</doc>
<msg timestamp="20211205 22:44:23.601" level="INFO">Slept 2 seconds</msg>
<status status="PASS" starttime="20211205 22:44:21.600" endtime="20211205 22:44:23.601"/>
</kw>
<status status="PASS" starttime="20211205 22:44:20.967" endtime="20211205 22:44:23.601"/>
</test>
<test id="s1-t9" name="9. Logout">
<kw name="Click Element" library="Selenium2Library">
<arg>//a[contains(text(),'Sign out')]</arg>
<doc>Click the element identified by ``locator``.</doc>
<msg timestamp="20211205 22:44:23.603" level="INFO">Clicking element '//a[contains(text(),'Sign out')]'.</msg>
<status status="PASS" starttime="20211205 22:44:23.603" endtime="20211205 22:44:24.324"/>
</kw>
<kw name="Sleep" library="BuiltIn">
<arg>2s</arg>
<doc>Pauses the test executed for the given time.</doc>
<msg timestamp="20211205 22:44:26.326" level="INFO">Slept 2 seconds</msg>
<status status="PASS" starttime="20211205 22:44:24.324" endtime="20211205 22:44:26.326"/>
</kw>
<status status="PASS" starttime="20211205 22:44:23.602" endtime="20211205 22:44:26.326"/>
</test>
<test id="s1-t10" name="10. Close Browser">
<kw name="Close Browser" library="Selenium2Library">
<doc>Closes the current browser.</doc>
<status status="PASS" starttime="20211205 22:44:26.328" endtime="20211205 22:44:28.697"/>
</kw>
<status status="PASS" starttime="20211205 22:44:26.327" endtime="20211205 22:44:28.697"/>
</test>
<status status="PASS" starttime="20211205 22:44:02.255" endtime="20211205 22:44:28.698"/>
</suite>
<statistics>
<total>
<stat pass="10" fail="0" skip="0">All Tests</stat>
</total>
<tag>
</tag>
<suite>
<stat pass="10" fail="0" skip="0" id="s1" name="automationTest">automationTest</stat>
</suite>
</statistics>
<errors>
</errors>
</robot>
